Performing C SOURCE FILE Test CMAKE_HAVE_LIBC_PTHREAD failed with the following output:
Change Dir: /home/edin/Python/openPT3D/externalSoftware/openMVG_Build_Linux/CMakeFiles/CMakeTmp

Run Build Command(s):/usr/bin/gmake cmTC_7239c/fast && /usr/bin/gmake  -f CMakeFiles/cmTC_7239c.dir/build.make CMakeFiles/cmTC_7239c.dir/build
gmake[1]: Entering directory '/home/edin/Python/openPT3D/externalSoftware/openMVG_Build_Linux/CMakeFiles/CMakeTmp'
Building C object CMakeFiles/cmTC_7239c.dir/src.c.o
/usr/bin/cc   -march=skylake -msse2 -msse3 -mssse3 -msse4.1 -msse4.2 -mavx -mfma -mbmi2 -mavx2 -mno-sse4a -mno-xop -mno-fma4 -mno-avx512f -mno-avx512vl -mno-avx512pf -mno-avx512er -mno-avx512cd -mno-avx512dq -mno-avx512bw -mno-avx512ifma -mno-avx512vbmi -DCMAKE_HAVE_LIBC_PTHREAD -o CMakeFiles/cmTC_7239c.dir/src.c.o -c /home/edin/Python/openPT3D/externalSoftware/openMVG_Build_Linux/CMakeFiles/CMakeTmp/src.c
Linking C executable cmTC_7239c
/usr/bin/cmake -E cmake_link_script CMakeFiles/cmTC_7239c.dir/link.txt --verbose=1
/usr/bin/cc  -march=skylake -msse2 -msse3 -mssse3 -msse4.1 -msse4.2 -mavx -mfma -mbmi2 -mavx2 -mno-sse4a -mno-xop -mno-fma4 -mno-avx512f -mno-avx512vl -mno-avx512pf -mno-avx512er -mno-avx512cd -mno-avx512dq -mno-avx512bw -mno-avx512ifma -mno-avx512vbmi -DCMAKE_HAVE_LIBC_PTHREAD CMakeFiles/cmTC_7239c.dir/src.c.o -o cmTC_7239c 
/usr/bin/ld: CMakeFiles/cmTC_7239c.dir/src.c.o: in function `main':
src.c:(.text+0x2f): undefined reference to `pthread_create'
/usr/bin/ld: src.c:(.text+0x3b): undefined reference to `pthread_detach'
/usr/bin/ld: src.c:(.text+0x47): undefined reference to `pthread_cancel'
/usr/bin/ld: src.c:(.text+0x58): undefined reference to `pthread_join'
collect2: error: ld returned 1 exit status
gmake[1]: *** [CMakeFiles/cmTC_7239c.dir/build.make:106: cmTC_7239c] Error 1
gmake[1]: Leaving directory '/home/edin/Python/openPT3D/externalSoftware/openMVG_Build_Linux/CMakeFiles/CMakeTmp'
gmake: *** [Makefile:140: cmTC_7239c/fast] Error 2


Source file was:
#include <pthread.h>

void* test_func(void* data)
{
  return data;
}

int main(void)
{
  pthread_t thread;
  pthread_create(&thread, NULL, test_func, NULL);
  pthread_detach(thread);
  pthread_cancel(thread);
  pthread_join(thread, NULL);
  pthread_atfork(NULL, NULL, NULL);
  pthread_exit(NULL);

  return 0;
}

Determining if the function pthread_create exists in the pthreads failed with the following output:
Change Dir: /home/edin/Python/openPT3D/externalSoftware/openMVG_Build_Linux/CMakeFiles/CMakeTmp

Run Build Command(s):/usr/bin/gmake cmTC_652db/fast && /usr/bin/gmake  -f CMakeFiles/cmTC_652db.dir/build.make CMakeFiles/cmTC_652db.dir/build
gmake[1]: Entering directory '/home/edin/Python/openPT3D/externalSoftware/openMVG_Build_Linux/CMakeFiles/CMakeTmp'
Building C object CMakeFiles/cmTC_652db.dir/CheckFunctionExists.c.o
/usr/bin/cc   -march=skylake -msse2 -msse3 -mssse3 -msse4.1 -msse4.2 -mavx -mfma -mbmi2 -mavx2 -mno-sse4a -mno-xop -mno-fma4 -mno-avx512f -mno-avx512vl -mno-avx512pf -mno-avx512er -mno-avx512cd -mno-avx512dq -mno-avx512bw -mno-avx512ifma -mno-avx512vbmi -DCHECK_FUNCTION_EXISTS=pthread_create -o CMakeFiles/cmTC_652db.dir/CheckFunctionExists.c.o -c /usr/share/cmake-3.18/Modules/CheckFunctionExists.c
Linking C executable cmTC_652db
/usr/bin/cmake -E cmake_link_script CMakeFiles/cmTC_652db.dir/link.txt --verbose=1
/usr/bin/cc  -march=skylake -msse2 -msse3 -mssse3 -msse4.1 -msse4.2 -mavx -mfma -mbmi2 -mavx2 -mno-sse4a -mno-xop -mno-fma4 -mno-avx512f -mno-avx512vl -mno-avx512pf -mno-avx512er -mno-avx512cd -mno-avx512dq -mno-avx512bw -mno-avx512ifma -mno-avx512vbmi -DCHECK_FUNCTION_EXISTS=pthread_create CMakeFiles/cmTC_652db.dir/CheckFunctionExists.c.o -o cmTC_652db  -lpthreads 
/usr/bin/ld: cannot find -lpthreads
collect2: error: ld returned 1 exit status
gmake[1]: *** [CMakeFiles/cmTC_652db.dir/build.make:106: cmTC_652db] Error 1
gmake[1]: Leaving directory '/home/edin/Python/openPT3D/externalSoftware/openMVG_Build_Linux/CMakeFiles/CMakeTmp'
gmake: *** [Makefile:140: cmTC_652db/fast] Error 2



